<?xml version="1.0" encoding="UTF-8"?>
<testng-results ignored="0" total="1" passed="1" failed="0" skipped="0">
  <reporter-output>
    <line>
      <![CDATA[Project is CREATED in API]]>
    </line>
    <line>
      <![CDATA[<====Project is present in GUI====>]]>
    </line>
    <line>
      <![CDATA[Total no of projects checked = 139]]>
    </line>
    <line>
      <![CDATA[Database verification starts]]>
    </line>
    <line>
      <![CDATA[Data deleted from API]]>
    </line>
    <line>
      <![CDATA[<====Project is deleted, Not Present in GUI====>]]>
    </line>
    <line>
      <![CDATA[Total no of projects checked = 139]]>
    </line>
    <line>
      <![CDATA[Database verification starts]]>
    </line>
  </reporter-output>
  <suite started-at="2022-09-07T17:10:50 IST" name="Default suite" finished-at="2022-09-07T17:11:04 IST" duration-ms="13798">
    <groups>
    </groups>
    <test started-at="2022-09-07T17:10:50 IST" name="Default test" finished-at="2022-09-07T17:11:04 IST" duration-ms="13798">
      <class name="end2End.End2EndScenario">
        <test-method is-config="true" signature="bsConfig()[pri:0, instance:end2End.End2EndScenario@5ab956d7]" started-at="2022-09-07T17:10:50 IST" name="bsConfig" finished-at="2022-09-07T17:10:50 IST" duration-ms="634" status="PASS">
          <reporter-output>
          </reporter-output>
        </test-method> <!-- bsConfig -->
        <test-method signature="end2ENd()[pri:0, instance:end2End.End2EndScenario@5ab956d7]" started-at="2022-09-07T17:10:50 IST" name="end2ENd" finished-at="2022-09-07T17:11:04 IST" duration-ms="13770" status="PASS">
          <reporter-output>
            <line>
              <![CDATA[Project is CREATED in API]]>
            </line>
            <line>
              <![CDATA[<====Project is present in GUI====>]]>
            </line>
            <line>
              <![CDATA[Total no of projects checked = 139]]>
            </line>
            <line>
              <![CDATA[Database verification starts]]>
            </line>
            <line>
              <![CDATA[Data deleted from API]]>
            </line>
            <line>
              <![CDATA[<====Project is deleted, Not Present in GUI====>]]>
            </line>
            <line>
              <![CDATA[Total no of projects checked = 139]]>
            </line>
            <line>
              <![CDATA[Database verification starts]]>
            </line>
          </reporter-output>
        </test-method> <!-- end2ENd -->
        <test-method is-config="true" signature="asConfig()[pri:0, instance:end2End.End2EndScenario@5ab956d7]" started-at="2022-09-07T17:11:04 IST" name="asConfig" finished-at="2022-09-07T17:11:04 IST" duration-ms="5" status="PASS">
          <reporter-output>
          </reporter-output>
        </test-method> <!-- asConfig -->
      </class> <!-- end2End.End2EndScenario -->
    </test> <!-- Default test -->
  </suite> <!-- Default suite -->
</testng-results>
